<?xml version="1.0" encoding="UTF-8"?>
<coverage generated="1644832066944" clover="3.2.0">
  <project timestamp="1644832066944" name="All files">
    <metrics statements="68" coveredstatements="68" conditionals="32" coveredconditionals="32" methods="23" coveredmethods="23" elements="123" coveredelements="123" complexity="0" loc="68" ncloc="68" packages="1" files="1" classes="1"/>
    <file name="index.js" path="/Users/jacco/Development/useActionCable/src/index.js">
      <metrics statements="68" coveredstatements="68" conditionals="32" coveredconditionals="32" methods="23" coveredmethods="23"/>
      <line num="4" count="1" type="stmt"/>
      <line num="6" count="1" type="stmt"/>
      <line num="8" count="1" type="stmt"/>
      <line num="9" count="73" type="cond" truecount="2" falsecount="0"/>
      <line num="13" count="25" type="stmt"/>
      <line num="14" count="25" type="stmt"/>
      <line num="15" count="11" type="stmt"/>
      <line num="20" count="11" type="stmt"/>
      <line num="21" count="11" type="stmt"/>
      <line num="26" count="11" type="stmt"/>
      <line num="29" count="25" type="stmt"/>
      <line num="35" count="25" type="stmt"/>
      <line num="36" count="25" type="stmt"/>
      <line num="37" count="25" type="stmt"/>
      <line num="38" count="25" type="stmt"/>
      <line num="39" count="25" type="stmt"/>
      <line num="40" count="11" type="stmt"/>
      <line num="41" count="11" type="stmt"/>
      <line num="45" count="25" type="stmt"/>
      <line num="46" count="10" type="stmt"/>
      <line num="51" count="10" type="stmt"/>
      <line num="53" count="2" type="stmt"/>
      <line num="58" count="2" type="cond" truecount="2" falsecount="0"/>
      <line num="61" count="10" type="stmt"/>
      <line num="66" count="10" type="stmt"/>
      <line num="67" count="10" type="cond" truecount="2" falsecount="0"/>
      <line num="70" count="8" type="stmt"/>
      <line num="75" count="8" type="stmt"/>
      <line num="76" count="8" type="cond" truecount="2" falsecount="0"/>
      <line num="79" count="2" type="stmt"/>
      <line num="84" count="2" type="stmt"/>
      <line num="85" count="2" type="cond" truecount="2" falsecount="0"/>
      <line num="88" count="10" type="stmt"/>
      <line num="91" count="25" type="stmt"/>
      <line num="92" count="11" type="stmt"/>
      <line num="94" count="11" type="cond" truecount="2" falsecount="0"/>
      <line num="95" count="10" type="stmt"/>
      <line num="100" count="10" type="stmt"/>
      <line num="101" count="10" type="stmt"/>
      <line num="105" count="25" type="stmt"/>
      <line num="106" count="25" type="cond" truecount="5" falsecount="0"/>
      <line num="107" count="2" type="stmt"/>
      <line num="108" count="23" type="cond" truecount="5" falsecount="0"/>
      <line num="109" count="1" type="stmt"/>
      <line num="117" count="25" type="stmt"/>
      <line num="118" count="2" type="stmt"/>
      <line num="120" count="2" type="stmt"/>
      <line num="121" count="2" type="stmt"/>
      <line num="122" count="1" type="stmt"/>
      <line num="123" count="1" type="stmt"/>
      <line num="124" count="1" type="stmt"/>
      <line num="125" count="1" type="stmt"/>
      <line num="128" count="1" type="stmt"/>
      <line num="136" count="25" type="stmt"/>
      <line num="137" count="3" type="stmt"/>
      <line num="142" count="3" type="stmt"/>
      <line num="148" count="25" type="stmt"/>
      <line num="149" count="6" type="cond" truecount="4" falsecount="0"/>
      <line num="150" count="5" type="cond" truecount="2" falsecount="0"/>
      <line num="151" count="4" type="stmt"/>
      <line num="152" count="4" type="stmt"/>
      <line num="157" count="4" type="stmt"/>
      <line num="159" count="2" type="stmt"/>
      <line num="163" count="25" type="stmt"/>
      <line num="164" count="7" type="cond" truecount="2" falsecount="0"/>
      <line num="165" count="3" type="stmt"/>
      <line num="167" count="4" type="stmt"/>
      <line num="171" count="25" type="stmt"/>
    </file>
  </project>
</coverage>
