{"/Users/jacco/Development/useActionCable/src/index.js": {"path":"/Users/jacco/Development/useActionCable/src/index.js","statementMap":{"0":{"start":{"line":4,"column":0},"end":{"line":4,"column":35}},"1":{"start":{"line":6,"column":0},"end":{"line":6,"column":38}},"2":{"start":{"line":8,"column":12},"end":{"line":10,"column":1}},"3":{"start":{"line":9,"column":2},"end":{"line":9,"column":63}},"4":{"start":{"line":9,"column":16},"end":{"line":9,"column":63}},"5":{"start":{"line":13,"column":22},"end":{"line":13,"column":60}},"6":{"start":{"line":13,"column":36},"end":{"line":13,"column":55}},"7":{"start":{"line":14,"column":2},"end":{"line":28,"column":9}},"8":{"start":{"line":15,"column":4},"end":{"line":19,"column":7}},"9":{"start":{"line":20,"column":4},"end":{"line":27,"column":6}},"10":{"start":{"line":21,"column":6},"end":{"line":25,"column":9}},"11":{"start":{"line":26,"column":6},"end":{"line":26,"column":31}},"12":{"start":{"line":29,"column":2},"end":{"line":31,"column":4}},"13":{"start":{"line":35,"column":28},"end":{"line":35,"column":40}},"14":{"start":{"line":36,"column":36},"end":{"line":36,"column":51}},"15":{"start":{"line":37,"column":38},"end":{"line":37,"column":53}},"16":{"start":{"line":38,"column":21},"end":{"line":38,"column":29}},"17":{"start":{"line":39,"column":2},"end":{"line":43,"column":9}},"18":{"start":{"line":40,"column":4},"end":{"line":42,"column":6}},"19":{"start":{"line":41,"column":6},"end":{"line":41,"column":20}},"20":{"start":{"line":45,"column":20},"end":{"line":89,"column":3}},"21":{"start":{"line":46,"column":4},"end":{"line":50,"column":7}},"22":{"start":{"line":51,"column":20},"end":{"line":87,"column":6}},"23":{"start":{"line":53,"column":8},"end":{"line":57,"column":11}},"24":{"start":{"line":58,"column":8},"end":{"line":58,"column":54}},"25":{"start":{"line":58,"column":32},"end":{"line":58,"column":54}},"26":{"start":{"line":61,"column":8},"end":{"line":65,"column":11}},"27":{"start":{"line":66,"column":8},"end":{"line":66,"column":28}},"28":{"start":{"line":67,"column":8},"end":{"line":67,"column":59}},"29":{"start":{"line":67,"column":35},"end":{"line":67,"column":59}},"30":{"start":{"line":70,"column":8},"end":{"line":74,"column":11}},"31":{"start":{"line":75,"column":8},"end":{"line":75,"column":27}},"32":{"start":{"line":76,"column":8},"end":{"line":76,"column":55}},"33":{"start":{"line":76,"column":33},"end":{"line":76,"column":55}},"34":{"start":{"line":79,"column":8},"end":{"line":83,"column":11}},"35":{"start":{"line":84,"column":8},"end":{"line":84,"column":28}},"36":{"start":{"line":85,"column":8},"end":{"line":85,"column":61}},"37":{"start":{"line":85,"column":36},"end":{"line":85,"column":61}},"38":{"start":{"line":88,"column":4},"end":{"line":88,"column":33}},"39":{"start":{"line":91,"column":22},"end":{"line":103,"column":3}},"40":{"start":{"line":92,"column":4},"end":{"line":92,"column":25}},"41":{"start":{"line":94,"column":4},"end":{"line":102,"column":5}},"42":{"start":{"line":95,"column":6},"end":{"line":99,"column":9}},"43":{"start":{"line":100,"column":6},"end":{"line":100,"column":59}},"44":{"start":{"line":101,"column":6},"end":{"line":101,"column":32}},"45":{"start":{"line":105,"column":2},"end":{"line":115,"column":40}},"46":{"start":{"line":106,"column":4},"end":{"line":114,"column":5}},"47":{"start":{"line":107,"column":6},"end":{"line":107,"column":21}},"48":{"start":{"line":108,"column":11},"end":{"line":114,"column":5}},"49":{"start":{"line":109,"column":6},"end":{"line":113,"column":9}},"50":{"start":{"line":117,"column":23},"end":{"line":134,"column":3}},"51":{"start":{"line":118,"column":19},"end":{"line":118,"column":27}},"52":{"start":{"line":120,"column":4},"end":{"line":133,"column":5}},"53":{"start":{"line":121,"column":6},"end":{"line":121,"column":45}},"54":{"start":{"line":122,"column":6},"end":{"line":126,"column":9}},"55":{"start":{"line":123,"column":16},"end":{"line":123,"column":30}},"56":{"start":{"line":124,"column":8},"end":{"line":124,"column":18}},"57":{"start":{"line":125,"column":8},"end":{"line":125,"column":17}},"58":{"start":{"line":128,"column":6},"end":{"line":132,"column":9}},"59":{"start":{"line":136,"column":18},"end":{"line":146,"column":3}},"60":{"start":{"line":137,"column":4},"end":{"line":141,"column":7}},"61":{"start":{"line":142,"column":4},"end":{"line":145,"column":8}},"62":{"start":{"line":142,"column":26},"end":{"line":145,"column":6}},"63":{"start":{"line":148,"column":18},"end":{"line":161,"column":3}},"64":{"start":{"line":149,"column":4},"end":{"line":149,"column":72}},"65":{"start":{"line":149,"column":34},"end":{"line":149,"column":72}},"66":{"start":{"line":150,"column":4},"end":{"line":150,"column":60}},"67":{"start":{"line":150,"column":21},"end":{"line":150,"column":60}},"68":{"start":{"line":151,"column":4},"end":{"line":160,"column":5}},"69":{"start":{"line":152,"column":6},"end":{"line":156,"column":9}},"70":{"start":{"line":157,"column":6},"end":{"line":157,"column":50}},"71":{"start":{"line":159,"column":6},"end":{"line":159,"column":44}},"72":{"start":{"line":163,"column":15},"end":{"line":169,"column":3}},"73":{"start":{"line":164,"column":4},"end":{"line":168,"column":5}},"74":{"start":{"line":165,"column":6},"end":{"line":165,"column":30}},"75":{"start":{"line":167,"column":6},"end":{"line":167,"column":30}},"76":{"start":{"line":171,"column":2},"end":{"line":175,"column":4}}},"fnMap":{"0":{"name":"(anonymous_0)","decl":{"start":{"line":4,"column":26},"end":{"line":4,"column":27}},"loc":{"start":{"line":4,"column":32},"end":{"line":4,"column":34}},"line":4},"1":{"name":"(anonymous_1)","decl":{"start":{"line":6,"column":29},"end":{"line":6,"column":30}},"loc":{"start":{"line":6,"column":35},"end":{"line":6,"column":37}},"line":6},"2":{"name":"(anonymous_2)","decl":{"start":{"line":8,"column":12},"end":{"line":8,"column":13}},"loc":{"start":{"line":8,"column":19},"end":{"line":10,"column":1}},"line":8},"3":{"name":"useActionCable","decl":{"start":{"line":12,"column":16},"end":{"line":12,"column":30}},"loc":{"start":{"line":12,"column":66},"end":{"line":32,"column":1}},"line":12},"4":{"name":"(anonymous_4)","decl":{"start":{"line":13,"column":30},"end":{"line":13,"column":31}},"loc":{"start":{"line":13,"column":36},"end":{"line":13,"column":55}},"line":13},"5":{"name":"(anonymous_5)","decl":{"start":{"line":14,"column":12},"end":{"line":14,"column":13}},"loc":{"start":{"line":14,"column":18},"end":{"line":28,"column":3}},"line":14},"6":{"name":"(anonymous_6)","decl":{"start":{"line":20,"column":11},"end":{"line":20,"column":12}},"loc":{"start":{"line":20,"column":17},"end":{"line":27,"column":5}},"line":20},"7":{"name":"useChannel","decl":{"start":{"line":34,"column":16},"end":{"line":34,"column":26}},"loc":{"start":{"line":34,"column":70},"end":{"line":176,"column":1}},"line":34},"8":{"name":"(anonymous_8)","decl":{"start":{"line":39,"column":12},"end":{"line":39,"column":13}},"loc":{"start":{"line":39,"column":18},"end":{"line":43,"column":3}},"line":39},"9":{"name":"(anonymous_9)","decl":{"start":{"line":40,"column":11},"end":{"line":40,"column":12}},"loc":{"start":{"line":40,"column":17},"end":{"line":42,"column":5}},"line":40},"10":{"name":"(anonymous_10)","decl":{"start":{"line":45,"column":20},"end":{"line":45,"column":21}},"loc":{"start":{"line":45,"column":41},"end":{"line":89,"column":3}},"line":45},"11":{"name":"(anonymous_11)","decl":{"start":{"line":52,"column":16},"end":{"line":52,"column":17}},"loc":{"start":{"line":52,"column":21},"end":{"line":59,"column":7}},"line":52},"12":{"name":"(anonymous_12)","decl":{"start":{"line":60,"column":19},"end":{"line":60,"column":20}},"loc":{"start":{"line":60,"column":25},"end":{"line":68,"column":7}},"line":60},"13":{"name":"(anonymous_13)","decl":{"start":{"line":69,"column":17},"end":{"line":69,"column":18}},"loc":{"start":{"line":69,"column":23},"end":{"line":77,"column":7}},"line":69},"14":{"name":"(anonymous_14)","decl":{"start":{"line":78,"column":20},"end":{"line":78,"column":21}},"loc":{"start":{"line":78,"column":26},"end":{"line":86,"column":7}},"line":78},"15":{"name":"(anonymous_15)","decl":{"start":{"line":91,"column":22},"end":{"line":91,"column":23}},"loc":{"start":{"line":91,"column":28},"end":{"line":103,"column":3}},"line":91},"16":{"name":"(anonymous_16)","decl":{"start":{"line":105,"column":12},"end":{"line":105,"column":13}},"loc":{"start":{"line":105,"column":18},"end":{"line":115,"column":3}},"line":105},"17":{"name":"(anonymous_17)","decl":{"start":{"line":117,"column":23},"end":{"line":117,"column":24}},"loc":{"start":{"line":117,"column":29},"end":{"line":134,"column":3}},"line":117},"18":{"name":"(anonymous_18)","decl":{"start":{"line":122,"column":15},"end":{"line":122,"column":16}},"loc":{"start":{"line":122,"column":28},"end":{"line":126,"column":7}},"line":122},"19":{"name":"(anonymous_19)","decl":{"start":{"line":136,"column":18},"end":{"line":136,"column":19}},"loc":{"start":{"line":136,"column":39},"end":{"line":146,"column":3}},"line":136},"20":{"name":"(anonymous_20)","decl":{"start":{"line":142,"column":13},"end":{"line":142,"column":14}},"loc":{"start":{"line":142,"column":26},"end":{"line":145,"column":6}},"line":142},"21":{"name":"(anonymous_21)","decl":{"start":{"line":148,"column":18},"end":{"line":148,"column":19}},"loc":{"start":{"line":148,"column":39},"end":{"line":161,"column":3}},"line":148},"22":{"name":"(anonymous_22)","decl":{"start":{"line":163,"column":15},"end":{"line":163,"column":16}},"loc":{"start":{"line":163,"column":48},"end":{"line":169,"column":3}},"line":163}},"branchMap":{"0":{"loc":{"start":{"line":9,"column":2},"end":{"line":9,"column":63}},"type":"if","locations":[{"start":{"line":9,"column":2},"end":{"line":9,"column":63}},{"start":{},"end":{}}],"line":9},"1":{"loc":{"start":{"line":12,"column":36},"end":{"line":12,"column":64}},"type":"default-arg","locations":[{"start":{"line":12,"column":48},"end":{"line":12,"column":64}}],"line":12},"2":{"loc":{"start":{"line":34,"column":40},"end":{"line":34,"column":68}},"type":"default-arg","locations":[{"start":{"line":34,"column":52},"end":{"line":34,"column":68}}],"line":34},"3":{"loc":{"start":{"line":58,"column":8},"end":{"line":58,"column":54}},"type":"if","locations":[{"start":{"line":58,"column":8},"end":{"line":58,"column":54}},{"start":{},"end":{}}],"line":58},"4":{"loc":{"start":{"line":67,"column":8},"end":{"line":67,"column":59}},"type":"if","locations":[{"start":{"line":67,"column":8},"end":{"line":67,"column":59}},{"start":{},"end":{}}],"line":67},"5":{"loc":{"start":{"line":76,"column":8},"end":{"line":76,"column":55}},"type":"if","locations":[{"start":{"line":76,"column":8},"end":{"line":76,"column":55}},{"start":{},"end":{}}],"line":76},"6":{"loc":{"start":{"line":85,"column":8},"end":{"line":85,"column":61}},"type":"if","locations":[{"start":{"line":85,"column":8},"end":{"line":85,"column":61}},{"start":{},"end":{}}],"line":85},"7":{"loc":{"start":{"line":94,"column":4},"end":{"line":102,"column":5}},"type":"if","locations":[{"start":{"line":94,"column":4},"end":{"line":102,"column":5}},{"start":{},"end":{}}],"line":94},"8":{"loc":{"start":{"line":106,"column":4},"end":{"line":114,"column":5}},"type":"if","locations":[{"start":{"line":106,"column":4},"end":{"line":114,"column":5}},{"start":{"line":108,"column":11},"end":{"line":114,"column":5}}],"line":106},"9":{"loc":{"start":{"line":106,"column":8},"end":{"line":106,"column":51}},"type":"binary-expr","locations":[{"start":{"line":106,"column":8},"end":{"line":106,"column":18}},{"start":{"line":106,"column":22},"end":{"line":106,"column":31}},{"start":{"line":106,"column":35},"end":{"line":106,"column":51}}],"line":106},"10":{"loc":{"start":{"line":108,"column":11},"end":{"line":114,"column":5}},"type":"if","locations":[{"start":{"line":108,"column":11},"end":{"line":114,"column":5}},{"start":{},"end":{}}],"line":108},"11":{"loc":{"start":{"line":108,"column":15},"end":{"line":108,"column":62}},"type":"binary-expr","locations":[{"start":{"line":108,"column":16},"end":{"line":108,"column":27}},{"start":{"line":108,"column":31},"end":{"line":108,"column":41}},{"start":{"line":108,"column":46},"end":{"line":108,"column":62}}],"line":108},"12":{"loc":{"start":{"line":149,"column":4},"end":{"line":149,"column":72}},"type":"if","locations":[{"start":{"line":149,"column":4},"end":{"line":149,"column":72}},{"start":{},"end":{}}],"line":149},"13":{"loc":{"start":{"line":149,"column":8},"end":{"line":149,"column":32}},"type":"binary-expr","locations":[{"start":{"line":149,"column":8},"end":{"line":149,"column":18}},{"start":{"line":149,"column":22},"end":{"line":149,"column":32}}],"line":149},"14":{"loc":{"start":{"line":150,"column":4},"end":{"line":150,"column":60}},"type":"if","locations":[{"start":{"line":150,"column":4},"end":{"line":150,"column":60}},{"start":{},"end":{}}],"line":150},"15":{"loc":{"start":{"line":164,"column":4},"end":{"line":168,"column":5}},"type":"if","locations":[{"start":{"line":164,"column":4},"end":{"line":168,"column":5}},{"start":{"line":166,"column":11},"end":{"line":168,"column":5}}],"line":164}},"s":{"0":1,"1":1,"2":1,"3":73,"4":22,"5":25,"6":11,"7":25,"8":11,"9":11,"10":11,"11":11,"12":25,"13":25,"14":25,"15":25,"16":25,"17":25,"18":11,"19":11,"20":25,"21":10,"22":10,"23":2,"24":2,"25":1,"26":10,"27":10,"28":10,"29":1,"30":8,"31":8,"32":8,"33":1,"34":2,"35":2,"36":2,"37":1,"38":10,"39":25,"40":11,"41":11,"42":10,"43":10,"44":10,"45":25,"46":25,"47":2,"48":23,"49":1,"50":25,"51":2,"52":2,"53":2,"54":1,"55":1,"56":1,"57":1,"58":1,"59":25,"60":3,"61":3,"62":3,"63":25,"64":6,"65":1,"66":5,"67":1,"68":4,"69":4,"70":4,"71":2,"72":25,"73":7,"74":3,"75":4,"76":25},"f":{"0":177,"1":177,"2":73,"3":25,"4":11,"5":11,"6":11,"7":25,"8":11,"9":11,"10":10,"11":2,"12":10,"13":8,"14":2,"15":11,"16":25,"17":2,"18":1,"19":3,"20":3,"21":6,"22":7},"b":{"0":[22,51],"1":[17],"2":[17],"3":[1,1],"4":[1,9],"5":[1,7],"6":[1,1],"7":[10,1],"8":[2,23],"9":[25,14,9],"10":[1,22],"11":[23,12,16],"12":[1,5],"13":[6,5],"14":[1,4],"15":[3,4]},"_coverageSchema":"1a1c01bbd47fc00a2c39e90264f33305004495a9","hash":"16c6758a8b972fe4349bd2fea09a77ac32fa6f5e"}
}
