TN:
SF:src/index.js
FN:4,(anonymous_0)
FN:6,(anonymous_1)
FN:8,(anonymous_2)
FN:12,useActionCable
FN:13,(anonymous_4)
FN:14,(anonymous_5)
FN:20,(anonymous_6)
FN:34,useChannel
FN:39,(anonymous_8)
FN:40,(anonymous_9)
FN:45,(anonymous_10)
FN:52,(anonymous_11)
FN:60,(anonymous_12)
FN:69,(anonymous_13)
FN:78,(anonymous_14)
FN:91,(anonymous_15)
FN:105,(anonymous_16)
FN:117,(anonymous_17)
FN:122,(anonymous_18)
FN:136,(anonymous_19)
FN:142,(anonymous_20)
FN:148,(anonymous_21)
FN:163,(anonymous_22)
FNF:23
FNH:23
FNDA:177,(anonymous_0)
FNDA:177,(anonymous_1)
FNDA:73,(anonymous_2)
FNDA:25,useActionCable
FNDA:11,(anonymous_4)
FNDA:11,(anonymous_5)
FNDA:11,(anonymous_6)
FNDA:25,useChannel
FNDA:11,(anonymous_8)
FNDA:11,(anonymous_9)
FNDA:10,(anonymous_10)
FNDA:2,(anonymous_11)
FNDA:10,(anonymous_12)
FNDA:8,(anonymous_13)
FNDA:2,(anonymous_14)
FNDA:11,(anonymous_15)
FNDA:25,(anonymous_16)
FNDA:2,(anonymous_17)
FNDA:1,(anonymous_18)
FNDA:3,(anonymous_19)
FNDA:3,(anonymous_20)
FNDA:6,(anonymous_21)
FNDA:7,(anonymous_22)
DA:4,1
DA:6,1
DA:8,1
DA:9,73
DA:13,25
DA:14,25
DA:15,11
DA:20,11
DA:21,11
DA:26,11
DA:29,25
DA:35,25
DA:36,25
DA:37,25
DA:38,25
DA:39,25
DA:40,11
DA:41,11
DA:45,25
DA:46,10
DA:51,10
DA:53,2
DA:58,2
DA:61,10
DA:66,10
DA:67,10
DA:70,8
DA:75,8
DA:76,8
DA:79,2
DA:84,2
DA:85,2
DA:88,10
DA:91,25
DA:92,11
DA:94,11
DA:95,10
DA:100,10
DA:101,10
DA:105,25
DA:106,25
DA:107,2
DA:108,23
DA:109,1
DA:117,25
DA:118,2
DA:120,2
DA:121,2
DA:122,1
DA:123,1
DA:124,1
DA:125,1
DA:128,1
DA:136,25
DA:137,3
DA:142,3
DA:148,25
DA:149,6
DA:150,5
DA:151,4
DA:152,4
DA:157,4
DA:159,2
DA:163,25
DA:164,7
DA:165,3
DA:167,4
DA:171,25
LF:68
LH:68
BRDA:9,0,0,22
BRDA:9,0,1,51
BRDA:12,1,0,17
BRDA:34,2,0,17
BRDA:58,3,0,1
BRDA:58,3,1,1
BRDA:67,4,0,1
BRDA:67,4,1,9
BRDA:76,5,0,1
BRDA:76,5,1,7
BRDA:85,6,0,1
BRDA:85,6,1,1
BRDA:94,7,0,10
BRDA:94,7,1,1
BRDA:106,8,0,2
BRDA:106,8,1,23
BRDA:106,9,0,25
BRDA:106,9,1,14
BRDA:106,9,2,9
BRDA:108,10,0,1
BRDA:108,10,1,22
BRDA:108,11,0,23
BRDA:108,11,1,12
BRDA:108,11,2,16
BRDA:149,12,0,1
BRDA:149,12,1,5
BRDA:149,13,0,6
BRDA:149,13,1,5
BRDA:150,14,0,1
BRDA:150,14,1,4
BRDA:164,15,0,3
BRDA:164,15,1,4
BRF:32
BRH:32
end_of_record
